

***********************************************************************
Fatal NI connect error 12560, connecting to:
 (DESCRIPTION=(CONNECT_DATA=(SERVICE_NAME=XE)(CID=(PROGRAM=httpd@dev01)(HOST=dev01)(USER=root)))(ADDRESS=(PROTOCOL=TCP)(HOST=192.168.0.4)(PORT=1521)))

  VERSION INFORMATION:
	TNS for Linux: Version 10.2.0.5.0 - Production
	TCP/IP NT Protocol Adapter for Linux: Version 10.2.0.5.0 - Production
  Time: 27-NOV-2013 15:41:53
  Tracing not turned on.
  Tns error struct:
    ns main err code: 12560
    TNS-12560: Message 12560 not found; No message file for product=network, facility=TNS
    ns secondary err code: 0
    nt main err code: 530
    TNS-00530: Message 530 not found; No message file for product=network, facility=TNS
    nt secondary err code: 113


***********************************************************************
Fatal NI connect error 12560, connecting to:
 (DESCRIPTION=(CONNECT_DATA=(SERVICE_NAME=XE)(CID=(PROGRAM=httpd@dev01)(HOST=dev01)(USER=root)))(ADDRESS=(PROTOCOL=TCP)(HOST=192.168.0.4)(PORT=1521)))

  VERSION INFORMATION:
	TNS for Linux: Version 10.2.0.5.0 - Production
	TCP/IP NT Protocol Adapter for Linux: Version 10.2.0.5.0 - Production
  Time: 27-NOV-2013 15:42:37
  Tracing not turned on.
  Tns error struct:
    ns main err code: 12560
    TNS-12560: Message 12560 not found; No message file for product=network, facility=TNS
    ns secondary err code: 0
    nt main err code: 530
    TNS-00530: Message 530 not found; No message file for product=network, facility=TNS
    nt secondary err code: 113
    nt OS err code: 0
    nt OS err code: 0


***********************************************************************
Fatal NI connect error 12514, connecting to:
 (DESCRIPTION=(CONNECT_DATA=(SERVICE_NAME=INTERFAZO7:POOLED)(CID=(PROGRAM=httpd@dev01)(HOST=dev01)(USER=root)))(ADDRESS=(PROTOCOL=TCP)(HOST=192.168.0.4)(PORT=1521)))

  VERSION INFORMATION:
	TNS for Linux: Version 10.2.0.5.0 - Production
	TCP/IP NT Protocol Adapter for Linux: Version 10.2.0.5.0 - Production
  Time: 27-NOV-2013 17:07:54
  Tracing not turned on.
  Tns error struct:
    ns main err code: 12564
    TNS-12564: Message 12564 not found; No message file for product=network, facility=TNS
    ns secondary err code: 0
    nt main err code: 0
    nt secondary err code: 0


***********************************************************************
Fatal NI connect error 12514, connecting to:
 (DESCRIPTION=(CONNECT_DATA=(SERVICE_NAME=INTERFAZO7:POOLED)(CID=(PROGRAM=httpd@dev01)(HOST=dev01)(USER=root)))(ADDRESS=(PROTOCOL=TCP)(HOST=192.168.0.4)(PORT=1521)))

  VERSION INFORMATION:
	TNS for Linux: Version 10.2.0.5.0 - Production
	TCP/IP NT Protocol Adapter for Linux: Version 10.2.0.5.0 - Production
  Time: 28-NOV-2013 08:35:32
  Tracing not turned on.
  Tns error struct:
    ns main err code: 12564
    TNS-12564: Message 12564 not found; No message file for product=network, facility=TNS
    ns secondary err code: 0
    nt main err code: 0
    nt secondary err code: 0


***********************************************************************
Fatal NI connect error 12514, connecting to:
 (DESCRIPTION=(CONNECT_DATA=(SERVICE_NAME=INTERFAZO7:dedicated/INTERFAZO7)(CID=(PROGRAM=httpd@dev01)(HOST=dev01)(USER=root)))(ADDRESS=(PROTOCOL=TCP)(HOST=192.168.0.4)(PORT=1521)))

  VERSION INFORMATION:
	TNS for Linux: Version 10.2.0.5.0 - Production
	TCP/IP NT Protocol Adapter for Linux: Version 10.2.0.5.0 - Production
  Time: 28-NOV-2013 08:56:09
  Tracing not turned on.
  Tns error struct:
    ns main err code: 12564
    TNS-12564: Message 12564 not found; No message file for product=network, facility=TNS
    ns secondary err code: 0
    nt main err code: 0
    nt secondary err code: 0


***********************************************************************
Fatal NI connect error 12514, connecting to:
 (DESCRIPTION=(CONNECT_DATA=(SERVICE_NAME=INTERFAZO7:dedicated/INTERFAZO7)(CID=(PROGRAM=httpd@dev01)(HOST=dev01)(USER=root)))(ADDRESS=(PROTOCOL=TCP)(HOST=192.168.0.4)(PORT=1521)))

  VERSION INFORMATION:
	TNS for Linux: Version 10.2.0.5.0 - Production
	TCP/IP NT Protocol Adapter for Linux: Version 10.2.0.5.0 - Production
  Time: 28-NOV-2013 08:56:14
  Tracing not turned on.
  Tns error struct:
    ns main err code: 12564
    TNS-12564: Message 12564 not found; No message file for product=network, facility=TNS
    ns secondary err code: 0
    nt main err code: 0
    nt secondary err code: 0
    nt OS err code: 0
    nt OS err code: 0
    nt OS err code: 0
    nt OS err code: 0
